<?xml version="1.0" encoding="UTF-8"?>
<!-- Generated by org.testng.reporters.JUnitXMLReporter -->
<testsuite ignored="0" hostname="DESKTOP-ANVVC6A" failures="0" tests="4" name="Default test" time="0.078" errors="0" timestamp="2021-07-23T18:43:01 EDT">
  <testcase classname="test.FlightsPageTest" name="@BeforeTest testCurtainRaiser" time="0.013">
    <failure type="java.lang.NullPointerException" message="Cannot invoke &amp;quot;org.openqa.selenium.WebElement.getTagName()&amp;quot; because &amp;quot;element&amp;quot; is null">
      <![CDATA[java.lang.NullPointerException: Cannot invoke "org.openqa.selenium.WebElement.getTagName()" because "element" is null
at org.openqa.selenium.support.ui.Select.<init>(Select.java:45)
at pageFactory.FlightsPage.<init>(FlightsPage.java:50)
at test.FlightsPageTest.testCurtainRaiser(FlightsPageTest.java:23)
at java.base/jdk.internal.reflect.NativeMethodAccessorImpl.invoke0(Native Method)
at java.base/jdk.internal.reflect.NativeMethodAccessorImpl.invoke(NativeMethodAccessorImpl.java:64)
at java.base/jdk.internal.reflect.DelegatingMethodAccessorImpl.invoke(DelegatingMethodAccessorImpl.java:43)
at java.base/java.lang.reflect.Method.invoke(Method.java:564)
at org.testng.internal.MethodInvocationHelper.invokeMethod(MethodInvocationHelper.java:133)
at org.testng.internal.MethodInvocationHelper.invokeMethodConsideringTimeout(MethodInvocationHelper.java:62)
at org.testng.internal.ConfigInvoker.invokeConfigurationMethod(ConfigInvoker.java:385)
at org.testng.internal.ConfigInvoker.invokeConfigurations(ConfigInvoker.java:321)
at org.testng.TestRunner.invokeTestConfigurations(TestRunner.java:637)
at org.testng.TestRunner.beforeRun(TestRunner.java:627)
at org.testng.TestRunner.run(TestRunner.java:589)
at org.testng.SuiteRunner.runTest(SuiteRunner.java:377)
at org.testng.SuiteRunner.runSequentially(SuiteRunner.java:371)
at org.testng.SuiteRunner.privateRun(SuiteRunner.java:332)
at org.testng.SuiteRunner.run(SuiteRunner.java:276)
at org.testng.SuiteRunnerWorker.runSuite(SuiteRunnerWorker.java:53)
at org.testng.SuiteRunnerWorker.run(SuiteRunnerWorker.java:96)
at org.testng.TestNG.runSuitesSequentially(TestNG.java:1212)
at org.testng.TestNG.runSuitesLocally(TestNG.java:1134)
at org.testng.TestNG.runSuites(TestNG.java:1063)
at org.testng.TestNG.run(TestNG.java:1031)
at org.testng.remote.AbstractRemoteTestNG.run(AbstractRemoteTestNG.java:115)
at org.testng.remote.RemoteTestNG.initAndRun(RemoteTestNG.java:251)
at org.testng.remote.RemoteTestNG.main(RemoteTestNG.java:77)
]]>
    </failure>
  </testcase> <!-- @BeforeTest testCurtainRaiser -->
  <testcase classname="test.FlightsPageTest" name="@BeforeMethod flightsPageInitial" time="-1.627080181774E9">
    <skipped/>
  </testcase> <!-- @BeforeMethod flightsPageInitial -->
  <testcase classname="test.FlightsPageTest" name="@AfterMethod flightsPageCloseDown" time="-1.62708018178E9">
    <skipped/>
  </testcase> <!-- @AfterMethod flightsPageCloseDown -->
  <testcase classname="test.FlightsPageTest" name="@BeforeMethod flightsPageInitial" time="-1.627080181782E9">
    <skipped/>
  </testcase> <!-- @BeforeMethod flightsPageInitial -->
  <testcase classname="test.FlightsPageTest" name="@AfterMethod flightsPageCloseDown" time="-1.627080181786E9">
    <skipped/>
  </testcase> <!-- @AfterMethod flightsPageCloseDown -->
  <testcase classname="test.FlightsPageTest" name="@BeforeMethod flightsPageInitial" time="-1.627080181788E9">
    <skipped/>
  </testcase> <!-- @BeforeMethod flightsPageInitial -->
  <testcase classname="test.FlightsPageTest" name="@AfterMethod flightsPageCloseDown" time="-1.627080181791E9">
    <skipped/>
  </testcase> <!-- @AfterMethod flightsPageCloseDown -->
  <testcase classname="test.FlightsPageTest" name="@BeforeMethod flightsPageInitial" time="-1.627080181793E9">
    <skipped/>
  </testcase> <!-- @BeforeMethod flightsPageInitial -->
  <testcase classname="test.FlightsPageTest" name="@AfterMethod flightsPageCloseDown" time="-1.627080181796E9">
    <skipped/>
  </testcase> <!-- @AfterMethod flightsPageCloseDown -->
  <testcase classname="test.FlightsPageTest" name="@AfterTest testOver" time="-1.627080181797E9">
    <skipped/>
  </testcase> <!-- @AfterTest testOver -->
  <testcase classname="test.FlightsPageTest" name="oneWayTripDisplayEnableTest" time="0.0">
    <skipped/>
  </testcase> <!-- oneWayTripDisplayEnableTest -->
  <testcase classname="test.FlightsPageTest" name="oneWayTripSelectedTest" time="0.0">
    <skipped/>
  </testcase> <!-- oneWayTripSelectedTest -->
  <testcase classname="test.FlightsPageTest" name="roundTripDisplayEnableTest" time="0.0">
    <skipped/>
  </testcase> <!-- roundTripDisplayEnableTest -->
  <testcase classname="test.FlightsPageTest" name="roundTripSelectedTest" time="0.0">
    <skipped/>
  </testcase> <!-- roundTripSelectedTest -->
</testsuite> <!-- Default test -->
