<?xml version="1.0" encoding="UTF-8"?>
<testng-results ignored="0" total="4" passed="0" failed="0" skipped="4">
  <reporter-output>
  </reporter-output>
  <suite started-at="2021-07-23T18:43:01 EDT" name="Default suite" finished-at="2021-07-23T18:43:01 EDT" duration-ms="78">
    <groups>
    </groups>
    <test started-at="2021-07-23T18:43:01 EDT" name="Default test" finished-at="2021-07-23T18:43:01 EDT" duration-ms="78">
      <class name="test.FlightsPageTest">
        <test-method is-config="true" signature="testCurtainRaiser()[pri:0, instance:test.FlightsPageTest@769f71a9]" started-at="2021-07-23T18:43:01 EDT" name="testCurtainRaiser" finished-at="2021-07-23T18:43:01 EDT" duration-ms="13" status="FAIL">
          <exception class="java.lang.NullPointerException">
            <message>
              <![CDATA[Cannot invoke "org.openqa.selenium.WebElement.getTagName()" because "element" is null]]>
            </message>
            <full-stacktrace>
              <![CDATA[java.lang.NullPointerException: Cannot invoke "org.openqa.selenium.WebElement.getTagName()" because "element" is null
at org.openqa.selenium.support.ui.Select.<init>(Select.java:45)
at pageFactory.FlightsPage.<init>(FlightsPage.java:50)
at test.FlightsPageTest.testCurtainRaiser(FlightsPageTest.java:23)
at java.base/jdk.internal.reflect.NativeMethodAccessorImpl.invoke0(Native Method)
at java.base/jdk.internal.reflect.NativeMethodAccessorImpl.invoke(NativeMethodAccessorImpl.java:64)
at java.base/jdk.internal.reflect.DelegatingMethodAccessorImpl.invoke(DelegatingMethodAccessorImpl.java:43)
at java.base/java.lang.reflect.Method.invoke(Method.java:564)
at org.testng.internal.MethodInvocationHelper.invokeMethod(MethodInvocationHelper.java:133)
at org.testng.internal.MethodInvocationHelper.invokeMethodConsideringTimeout(MethodInvocationHelper.java:62)
at org.testng.internal.ConfigInvoker.invokeConfigurationMethod(ConfigInvoker.java:385)
at org.testng.internal.ConfigInvoker.invokeConfigurations(ConfigInvoker.java:321)
at org.testng.TestRunner.invokeTestConfigurations(TestRunner.java:637)
at org.testng.TestRunner.beforeRun(TestRunner.java:627)
at org.testng.TestRunner.run(TestRunner.java:589)
at org.testng.SuiteRunner.runTest(SuiteRunner.java:377)
at org.testng.SuiteRunner.runSequentially(SuiteRunner.java:371)
at org.testng.SuiteRunner.privateRun(SuiteRunner.java:332)
at org.testng.SuiteRunner.run(SuiteRunner.java:276)
at org.testng.SuiteRunnerWorker.runSuite(SuiteRunnerWorker.java:53)
at org.testng.SuiteRunnerWorker.run(SuiteRunnerWorker.java:96)
at org.testng.TestNG.runSuitesSequentially(TestNG.java:1212)
at org.testng.TestNG.runSuitesLocally(TestNG.java:1134)
at org.testng.TestNG.runSuites(TestNG.java:1063)
at org.testng.TestNG.run(TestNG.java:1031)
at org.testng.remote.AbstractRemoteTestNG.run(AbstractRemoteTestNG.java:115)
at org.testng.remote.RemoteTestNG.initAndRun(RemoteTestNG.java:251)
at org.testng.remote.RemoteTestNG.main(RemoteTestNG.java:77)
]]>
            </full-stacktrace>
          </exception> <!-- java.lang.NullPointerException -->
          <reporter-output>
          </reporter-output>
        </test-method> <!-- testCurtainRaiser -->
        <test-method is-config="true" signature="flightsPageInitial()[pri:0, instance:test.FlightsPageTest@769f71a9]" started-at="2021-07-23T18:43:01 EDT" name="flightsPageInitial" finished-at="1969-12-31T19:00:00 EST" duration-ms="-1627080181774" status="SKIP">
          <reporter-output>
          </reporter-output>
        </test-method> <!-- flightsPageInitial -->
        <test-method signature="oneWayTripDisplayEnableTest()[pri:1, instance:test.FlightsPageTest@769f71a9]" started-at="2021-07-23T18:43:01 EDT" name="oneWayTripDisplayEnableTest" finished-at="2021-07-23T18:43:01 EDT" duration-ms="0" status="SKIP">
          <exception class="java.lang.NullPointerException">
            <message>
              <![CDATA[Cannot invoke "org.openqa.selenium.WebElement.getTagName()" because "element" is null]]>
            </message>
            <full-stacktrace>
              <![CDATA[java.lang.NullPointerException: Cannot invoke "org.openqa.selenium.WebElement.getTagName()" because "element" is null
at org.openqa.selenium.support.ui.Select.<init>(Select.java:45)
at pageFactory.FlightsPage.<init>(FlightsPage.java:50)
at test.FlightsPageTest.testCurtainRaiser(FlightsPageTest.java:23)
at java.base/jdk.internal.reflect.NativeMethodAccessorImpl.invoke0(Native Method)
at java.base/jdk.internal.reflect.NativeMethodAccessorImpl.invoke(NativeMethodAccessorImpl.java:64)
at java.base/jdk.internal.reflect.DelegatingMethodAccessorImpl.invoke(DelegatingMethodAccessorImpl.java:43)
at java.base/java.lang.reflect.Method.invoke(Method.java:564)
at org.testng.internal.MethodInvocationHelper.invokeMethod(MethodInvocationHelper.java:133)
at org.testng.internal.MethodInvocationHelper.invokeMethodConsideringTimeout(MethodInvocationHelper.java:62)
at org.testng.internal.ConfigInvoker.invokeConfigurationMethod(ConfigInvoker.java:385)
at org.testng.internal.ConfigInvoker.invokeConfigurations(ConfigInvoker.java:321)
at org.testng.TestRunner.invokeTestConfigurations(TestRunner.java:637)
at org.testng.TestRunner.beforeRun(TestRunner.java:627)
at org.testng.TestRunner.run(TestRunner.java:589)
at org.testng.SuiteRunner.runTest(SuiteRunner.java:377)
at org.testng.SuiteRunner.runSequentially(SuiteRunner.java:371)
at org.testng.SuiteRunner.privateRun(SuiteRunner.java:332)
at org.testng.SuiteRunner.run(SuiteRunner.java:276)
at org.testng.SuiteRunnerWorker.runSuite(SuiteRunnerWorker.java:53)
at org.testng.SuiteRunnerWorker.run(SuiteRunnerWorker.java:96)
at org.testng.TestNG.runSuitesSequentially(TestNG.java:1212)
at org.testng.TestNG.runSuitesLocally(TestNG.java:1134)
at org.testng.TestNG.runSuites(TestNG.java:1063)
at org.testng.TestNG.run(TestNG.java:1031)
at org.testng.remote.AbstractRemoteTestNG.run(AbstractRemoteTestNG.java:115)
at org.testng.remote.RemoteTestNG.initAndRun(RemoteTestNG.java:251)
at org.testng.remote.RemoteTestNG.main(RemoteTestNG.java:77)
]]>
            </full-stacktrace>
          </exception> <!-- java.lang.NullPointerException -->
          <reporter-output>
          </reporter-output>
        </test-method> <!-- oneWayTripDisplayEnableTest -->
        <test-method is-config="true" signature="flightsPageCloseDown()[pri:0, instance:test.FlightsPageTest@769f71a9]" started-at="2021-07-23T18:43:01 EDT" name="flightsPageCloseDown" finished-at="1969-12-31T19:00:00 EST" duration-ms="-1627080181780" status="SKIP">
          <reporter-output>
          </reporter-output>
        </test-method> <!-- flightsPageCloseDown -->
        <test-method is-config="true" signature="flightsPageInitial()[pri:0, instance:test.FlightsPageTest@769f71a9]" started-at="2021-07-23T18:43:01 EDT" name="flightsPageInitial" finished-at="1969-12-31T19:00:00 EST" duration-ms="-1627080181782" status="SKIP">
          <reporter-output>
          </reporter-output>
        </test-method> <!-- flightsPageInitial -->
        <test-method signature="oneWayTripSelectedTest()[pri:1, instance:test.FlightsPageTest@769f71a9]" started-at="2021-07-23T18:43:01 EDT" name="oneWayTripSelectedTest" finished-at="2021-07-23T18:43:01 EDT" duration-ms="0" status="SKIP">
          <exception class="java.lang.NullPointerException">
            <message>
              <![CDATA[Cannot invoke "org.openqa.selenium.WebElement.getTagName()" because "element" is null]]>
            </message>
            <full-stacktrace>
              <![CDATA[java.lang.NullPointerException: Cannot invoke "org.openqa.selenium.WebElement.getTagName()" because "element" is null
at org.openqa.selenium.support.ui.Select.<init>(Select.java:45)
at pageFactory.FlightsPage.<init>(FlightsPage.java:50)
at test.FlightsPageTest.testCurtainRaiser(FlightsPageTest.java:23)
at java.base/jdk.internal.reflect.NativeMethodAccessorImpl.invoke0(Native Method)
at java.base/jdk.internal.reflect.NativeMethodAccessorImpl.invoke(NativeMethodAccessorImpl.java:64)
at java.base/jdk.internal.reflect.DelegatingMethodAccessorImpl.invoke(DelegatingMethodAccessorImpl.java:43)
at java.base/java.lang.reflect.Method.invoke(Method.java:564)
at org.testng.internal.MethodInvocationHelper.invokeMethod(MethodInvocationHelper.java:133)
at org.testng.internal.MethodInvocationHelper.invokeMethodConsideringTimeout(MethodInvocationHelper.java:62)
at org.testng.internal.ConfigInvoker.invokeConfigurationMethod(ConfigInvoker.java:385)
at org.testng.internal.ConfigInvoker.invokeConfigurations(ConfigInvoker.java:321)
at org.testng.TestRunner.invokeTestConfigurations(TestRunner.java:637)
at org.testng.TestRunner.beforeRun(TestRunner.java:627)
at org.testng.TestRunner.run(TestRunner.java:589)
at org.testng.SuiteRunner.runTest(SuiteRunner.java:377)
at org.testng.SuiteRunner.runSequentially(SuiteRunner.java:371)
at org.testng.SuiteRunner.privateRun(SuiteRunner.java:332)
at org.testng.SuiteRunner.run(SuiteRunner.java:276)
at org.testng.SuiteRunnerWorker.runSuite(SuiteRunnerWorker.java:53)
at org.testng.SuiteRunnerWorker.run(SuiteRunnerWorker.java:96)
at org.testng.TestNG.runSuitesSequentially(TestNG.java:1212)
at org.testng.TestNG.runSuitesLocally(TestNG.java:1134)
at org.testng.TestNG.runSuites(TestNG.java:1063)
at org.testng.TestNG.run(TestNG.java:1031)
at org.testng.remote.AbstractRemoteTestNG.run(AbstractRemoteTestNG.java:115)
at org.testng.remote.RemoteTestNG.initAndRun(RemoteTestNG.java:251)
at org.testng.remote.RemoteTestNG.main(RemoteTestNG.java:77)
]]>
            </full-stacktrace>
          </exception> <!-- java.lang.NullPointerException -->
          <reporter-output>
          </reporter-output>
        </test-method> <!-- oneWayTripSelectedTest -->
        <test-method is-config="true" signature="flightsPageCloseDown()[pri:0, instance:test.FlightsPageTest@769f71a9]" started-at="2021-07-23T18:43:01 EDT" name="flightsPageCloseDown" finished-at="1969-12-31T19:00:00 EST" duration-ms="-1627080181786" status="SKIP">
          <reporter-output>
          </reporter-output>
        </test-method> <!-- flightsPageCloseDown -->
        <test-method is-config="true" signature="flightsPageInitial()[pri:0, instance:test.FlightsPageTest@769f71a9]" started-at="2021-07-23T18:43:01 EDT" name="flightsPageInitial" finished-at="1969-12-31T19:00:00 EST" duration-ms="-1627080181788" status="SKIP">
          <reporter-output>
          </reporter-output>
        </test-method> <!-- flightsPageInitial -->
        <test-method signature="roundTripDisplayEnableTest()[pri:1, instance:test.FlightsPageTest@769f71a9]" started-at="2021-07-23T18:43:01 EDT" name="roundTripDisplayEnableTest" finished-at="2021-07-23T18:43:01 EDT" duration-ms="0" status="SKIP">
          <exception class="java.lang.NullPointerException">
            <message>
              <![CDATA[Cannot invoke "org.openqa.selenium.WebElement.getTagName()" because "element" is null]]>
            </message>
            <full-stacktrace>
              <![CDATA[java.lang.NullPointerException: Cannot invoke "org.openqa.selenium.WebElement.getTagName()" because "element" is null
at org.openqa.selenium.support.ui.Select.<init>(Select.java:45)
at pageFactory.FlightsPage.<init>(FlightsPage.java:50)
at test.FlightsPageTest.testCurtainRaiser(FlightsPageTest.java:23)
at java.base/jdk.internal.reflect.NativeMethodAccessorImpl.invoke0(Native Method)
at java.base/jdk.internal.reflect.NativeMethodAccessorImpl.invoke(NativeMethodAccessorImpl.java:64)
at java.base/jdk.internal.reflect.DelegatingMethodAccessorImpl.invoke(DelegatingMethodAccessorImpl.java:43)
at java.base/java.lang.reflect.Method.invoke(Method.java:564)
at org.testng.internal.MethodInvocationHelper.invokeMethod(MethodInvocationHelper.java:133)
at org.testng.internal.MethodInvocationHelper.invokeMethodConsideringTimeout(MethodInvocationHelper.java:62)
at org.testng.internal.ConfigInvoker.invokeConfigurationMethod(ConfigInvoker.java:385)
at org.testng.internal.ConfigInvoker.invokeConfigurations(ConfigInvoker.java:321)
at org.testng.TestRunner.invokeTestConfigurations(TestRunner.java:637)
at org.testng.TestRunner.beforeRun(TestRunner.java:627)
at org.testng.TestRunner.run(TestRunner.java:589)
at org.testng.SuiteRunner.runTest(SuiteRunner.java:377)
at org.testng.SuiteRunner.runSequentially(SuiteRunner.java:371)
at org.testng.SuiteRunner.privateRun(SuiteRunner.java:332)
at org.testng.SuiteRunner.run(SuiteRunner.java:276)
at org.testng.SuiteRunnerWorker.runSuite(SuiteRunnerWorker.java:53)
at org.testng.SuiteRunnerWorker.run(SuiteRunnerWorker.java:96)
at org.testng.TestNG.runSuitesSequentially(TestNG.java:1212)
at org.testng.TestNG.runSuitesLocally(TestNG.java:1134)
at org.testng.TestNG.runSuites(TestNG.java:1063)
at org.testng.TestNG.run(TestNG.java:1031)
at org.testng.remote.AbstractRemoteTestNG.run(AbstractRemoteTestNG.java:115)
at org.testng.remote.RemoteTestNG.initAndRun(RemoteTestNG.java:251)
at org.testng.remote.RemoteTestNG.main(RemoteTestNG.java:77)
]]>
            </full-stacktrace>
          </exception> <!-- java.lang.NullPointerException -->
          <reporter-output>
          </reporter-output>
        </test-method> <!-- roundTripDisplayEnableTest -->
        <test-method is-config="true" signature="flightsPageCloseDown()[pri:0, instance:test.FlightsPageTest@769f71a9]" started-at="2021-07-23T18:43:01 EDT" name="flightsPageCloseDown" finished-at="1969-12-31T19:00:00 EST" duration-ms="-1627080181791" status="SKIP">
          <reporter-output>
          </reporter-output>
        </test-method> <!-- flightsPageCloseDown -->
        <test-method signature="roundTripSelectedTest()[pri:1, instance:test.FlightsPageTest@769f71a9]" started-at="2021-07-23T18:43:01 EDT" name="roundTripSelectedTest" finished-at="2021-07-23T18:43:01 EDT" duration-ms="0" status="SKIP">
          <exception class="java.lang.NullPointerException">
            <message>
              <![CDATA[Cannot invoke "org.openqa.selenium.WebElement.getTagName()" because "element" is null]]>
            </message>
            <full-stacktrace>
              <![CDATA[java.lang.NullPointerException: Cannot invoke "org.openqa.selenium.WebElement.getTagName()" because "element" is null
at org.openqa.selenium.support.ui.Select.<init>(Select.java:45)
at pageFactory.FlightsPage.<init>(FlightsPage.java:50)
at test.FlightsPageTest.testCurtainRaiser(FlightsPageTest.java:23)
at java.base/jdk.internal.reflect.NativeMethodAccessorImpl.invoke0(Native Method)
at java.base/jdk.internal.reflect.NativeMethodAccessorImpl.invoke(NativeMethodAccessorImpl.java:64)
at java.base/jdk.internal.reflect.DelegatingMethodAccessorImpl.invoke(DelegatingMethodAccessorImpl.java:43)
at java.base/java.lang.reflect.Method.invoke(Method.java:564)
at org.testng.internal.MethodInvocationHelper.invokeMethod(MethodInvocationHelper.java:133)
at org.testng.internal.MethodInvocationHelper.invokeMethodConsideringTimeout(MethodInvocationHelper.java:62)
at org.testng.internal.ConfigInvoker.invokeConfigurationMethod(ConfigInvoker.java:385)
at org.testng.internal.ConfigInvoker.invokeConfigurations(ConfigInvoker.java:321)
at org.testng.TestRunner.invokeTestConfigurations(TestRunner.java:637)
at org.testng.TestRunner.beforeRun(TestRunner.java:627)
at org.testng.TestRunner.run(TestRunner.java:589)
at org.testng.SuiteRunner.runTest(SuiteRunner.java:377)
at org.testng.SuiteRunner.runSequentially(SuiteRunner.java:371)
at org.testng.SuiteRunner.privateRun(SuiteRunner.java:332)
at org.testng.SuiteRunner.run(SuiteRunner.java:276)
at org.testng.SuiteRunnerWorker.runSuite(SuiteRunnerWorker.java:53)
at org.testng.SuiteRunnerWorker.run(SuiteRunnerWorker.java:96)
at org.testng.TestNG.runSuitesSequentially(TestNG.java:1212)
at org.testng.TestNG.runSuitesLocally(TestNG.java:1134)
at org.testng.TestNG.runSuites(TestNG.java:1063)
at org.testng.TestNG.run(TestNG.java:1031)
at org.testng.remote.AbstractRemoteTestNG.run(AbstractRemoteTestNG.java:115)
at org.testng.remote.RemoteTestNG.initAndRun(RemoteTestNG.java:251)
at org.testng.remote.RemoteTestNG.main(RemoteTestNG.java:77)
]]>
            </full-stacktrace>
          </exception> <!-- java.lang.NullPointerException -->
          <reporter-output>
          </reporter-output>
        </test-method> <!-- roundTripSelectedTest -->
        <test-method is-config="true" signature="flightsPageInitial()[pri:0, instance:test.FlightsPageTest@769f71a9]" started-at="2021-07-23T18:43:01 EDT" name="flightsPageInitial" finished-at="1969-12-31T19:00:00 EST" duration-ms="-1627080181793" status="SKIP">
          <reporter-output>
          </reporter-output>
        </test-method> <!-- flightsPageInitial -->
        <test-method is-config="true" signature="flightsPageCloseDown()[pri:0, instance:test.FlightsPageTest@769f71a9]" started-at="2021-07-23T18:43:01 EDT" name="flightsPageCloseDown" finished-at="1969-12-31T19:00:00 EST" duration-ms="-1627080181796" status="SKIP">
          <reporter-output>
          </reporter-output>
        </test-method> <!-- flightsPageCloseDown -->
        <test-method is-config="true" signature="testOver()[pri:0, instance:test.FlightsPageTest@769f71a9]" started-at="2021-07-23T18:43:01 EDT" name="testOver" finished-at="1969-12-31T19:00:00 EST" duration-ms="-1627080181797" status="SKIP">
          <reporter-output>
          </reporter-output>
        </test-method> <!-- testOver -->
      </class> <!-- test.FlightsPageTest -->
    </test> <!-- Default test -->
  </suite> <!-- Default suite -->
</testng-results>
