<html>
<head>
<title>TestNG:  TestVarClass</title>
<link href="../testng.css" rel="stylesheet" type="text/css" />
<link href="../my-testng.css" rel="stylesheet" type="text/css" />

<style type="text/css">
.log { display: none;} 
.stack-trace { display: none;} 
</style>
<script type="text/javascript">
<!--
function flip(e) {
  current = e.style.display;
  if (current == 'block') {
    e.style.display = 'none';
    return 0;
  }
  else {
    e.style.display = 'block';
    return 1;
  }
}

function toggleBox(szDivId, elem, msg1, msg2)
{
  var res = -1;  if (document.getElementById) {
    res = flip(document.getElementById(szDivId));
  }
  else if (document.all) {
    // this is the way old msie versions work
    res = flip(document.all[szDivId]);
  }
  if(elem) {
    if(res == 0) elem.innerHTML = msg1; else elem.innerHTML = msg2;
  }

}

function toggleAllBoxes() {
  if (document.getElementsByTagName) {
    d = document.getElementsByTagName('div');
    for (i = 0; i < d.length; i++) {
      if (d[i].className == 'log') {
        flip(d[i]);
      }
    }
  }
}

// -->
</script>

</head>
<body>
<h2 align='center'>TestVarClass</h2><table border='1' align="center">
<tr>
<td>Tests passed/Failed/Skipped:</td><td>13/2/0</td>
</tr><tr>
<td>Started on:</td><td>Sun Jul 04 20:30:41 EDT 2021</td>
</tr>
<tr><td>Total time:</td><td>39 seconds (39217 ms)</td>
</tr><tr>
<td>Included groups:</td><td>SmokeTest Regression-Minor Reg-Aji-Self-Data Reg-Aji-Self </td>
</tr><tr>
<td>Excluded groups:</td><td></td>
</tr>
</table><p/>
<small><i>(Hover the method name to see the test class name)</i></small><p/>
<table width='100%' border='1' class='invocation-failed'>
<tr><td colspan='4' align='center'><b>FAILED TESTS</b></td></tr>
<tr><td><b>Test method</b></td>
<td width="30%"><b>Exception</b></td>
<td width="10%"><b>Time (seconds)</b></td>
<td><b>Instance</b></td>
</tr>
<tr>
<td title='testNG.Frames.frameTest()'><b>frameTest</b><br>Test class: testNG.Frames</td>
<td><div><pre>org.openqa.selenium.NoSuchElementException: no such element: Unable to locate element: {&quot;method&quot;:&quot;xpath&quot;,&quot;selector&quot;:&quot;//*[@id=&apos;GLUXCountryList&apos;]&quot;}
  (Session info: chrome=91.0.4472.124)
For documentation on this error, please visit: https://www.seleniumhq.org/exceptions/no_such_element.html
Build info: version: &apos;3.141.59&apos;, revision: &apos;e82be7d358&apos;, time: &apos;2018-11-14T08:25:53&apos;
System info: host: &apos;DESKTOP-ANVVC6A&apos;, ip: &apos;192.168.0.159&apos;, os.name: &apos;Windows 10&apos;, os.arch: &apos;amd64&apos;, os.version: &apos;10.0&apos;, java.version: &apos;15.0.2&apos;
Driver info: org.openqa.selenium.chrome.ChromeDriver
Capabilities {acceptInsecureCerts: false, browserName: chrome, browserVersion: 91.0.4472.124, chrome: {chromedriverVersion: 91.0.4472.19 (1bf021f248676..., userDataDir: C:\Users\LOVEIS~1\AppData\L...}, goog:chromeOptions: {debuggerAddress: localhost:64589}, javascriptEnabled: true, networkConnectionEnabled: false, pageLoadStrategy: normal, platform: WINDOWS, platformName: WINDOWS, proxy: Proxy(), setWindowRect: true, strictFileInteractability: false, timeouts: {implicit: 0, pageLoad: 300000, script: 30000}, unhandledPromptBehavior: dismiss and notify, webauthn:extension:largeBlob: true, webauthn:virtualAuthenticators: true}
Session ID: 373239a06fa8bb8513ae65717e655402
*** Element info: {Using=xpath, value=//*[@id=&apos;GLUXCountryList&apos;]}
	at org.openqa.selenium.remote.http.W3CHttpResponseCodec.createException(W3CHttpResponseCodec.java:187)
	at org.openqa.selenium.remote.http.W3CHttpResponseCodec.decode(W3CHttpResponseCodec.java:122)
	at org.openqa.selenium.remote.http.W3CHttpResponseCodec.decode(W3CHttpResponseCodec.java:49)
	at org.openqa.selenium.remote.HttpCommandExecutor.execute(HttpCommandExecutor.java:158)
	at org.openqa.selenium.remote.service.DriverCommandExecutor.execute(DriverCommandExecutor.java:83)
	at org.openqa.selenium.remote.RemoteWebDriver.execute(RemoteWebDriver.java:552)
	at org.openqa.selenium.remote.RemoteWebDriver.findElement(RemoteWebDriver.java:323)
	at org.openqa.selenium.remote.RemoteWebDriver.findElementByXPath(RemoteWebDriver.java:428)
	at org.openqa.selenium.By$ByXPath.findElement(By.java:353)
	at org.openqa.selenium.remote.RemoteWebDriver.findElement(RemoteWebDriver.java:315)
	at testNG.Frames.frameTest(Frames.java:72)
	at java.base/java.util.concurrent.ThreadPoolExecutor.runWorker(ThreadPoolExecutor.java:1130)
	at java.base/java.util.concurrent.ThreadPoolExecutor$Worker.run(ThreadPoolExecutor.java:630)
	at java.base/java.lang.Thread.run(Thread.java:832)
... Removed 22 stack frames</pre></div><a href='#' onClick='toggleBox("stack-trace1302870851", this, "Click to show all stack frames", "Click to hide stack frames")'>Click to show all stack frames</a>
<div class='stack-trace' id='stack-trace1302870851'><pre>org.openqa.selenium.NoSuchElementException: no such element: Unable to locate element: {&quot;method&quot;:&quot;xpath&quot;,&quot;selector&quot;:&quot;//*[@id=&apos;GLUXCountryList&apos;]&quot;}
  (Session info: chrome=91.0.4472.124)
For documentation on this error, please visit: https://www.seleniumhq.org/exceptions/no_such_element.html
Build info: version: &apos;3.141.59&apos;, revision: &apos;e82be7d358&apos;, time: &apos;2018-11-14T08:25:53&apos;
System info: host: &apos;DESKTOP-ANVVC6A&apos;, ip: &apos;192.168.0.159&apos;, os.name: &apos;Windows 10&apos;, os.arch: &apos;amd64&apos;, os.version: &apos;10.0&apos;, java.version: &apos;15.0.2&apos;
Driver info: org.openqa.selenium.chrome.ChromeDriver
Capabilities {acceptInsecureCerts: false, browserName: chrome, browserVersion: 91.0.4472.124, chrome: {chromedriverVersion: 91.0.4472.19 (1bf021f248676..., userDataDir: C:\Users\LOVEIS~1\AppData\L...}, goog:chromeOptions: {debuggerAddress: localhost:64589}, javascriptEnabled: true, networkConnectionEnabled: false, pageLoadStrategy: normal, platform: WINDOWS, platformName: WINDOWS, proxy: Proxy(), setWindowRect: true, strictFileInteractability: false, timeouts: {implicit: 0, pageLoad: 300000, script: 30000}, unhandledPromptBehavior: dismiss and notify, webauthn:extension:largeBlob: true, webauthn:virtualAuthenticators: true}
Session ID: 373239a06fa8bb8513ae65717e655402
*** Element info: {Using=xpath, value=//*[@id=&apos;GLUXCountryList&apos;]}
	at java.base/jdk.internal.reflect.NativeConstructorAccessorImpl.newInstance0(Native Method)
	at java.base/jdk.internal.reflect.NativeConstructorAccessorImpl.newInstance(NativeConstructorAccessorImpl.java:64)
	at java.base/jdk.internal.reflect.DelegatingConstructorAccessorImpl.newInstance(DelegatingConstructorAccessorImpl.java:45)
	at java.base/java.lang.reflect.Constructor.newInstanceWithCaller(Constructor.java:500)
	at java.base/java.lang.reflect.Constructor.newInstance(Constructor.java:481)
	at org.openqa.selenium.remote.http.W3CHttpResponseCodec.createException(W3CHttpResponseCodec.java:187)
	at org.openqa.selenium.remote.http.W3CHttpResponseCodec.decode(W3CHttpResponseCodec.java:122)
	at org.openqa.selenium.remote.http.W3CHttpResponseCodec.decode(W3CHttpResponseCodec.java:49)
	at org.openqa.selenium.remote.HttpCommandExecutor.execute(HttpCommandExecutor.java:158)
	at org.openqa.selenium.remote.service.DriverCommandExecutor.execute(DriverCommandExecutor.java:83)
	at org.openqa.selenium.remote.RemoteWebDriver.execute(RemoteWebDriver.java:552)
	at org.openqa.selenium.remote.RemoteWebDriver.findElement(RemoteWebDriver.java:323)
	at org.openqa.selenium.remote.RemoteWebDriver.findElementByXPath(RemoteWebDriver.java:428)
	at org.openqa.selenium.By$ByXPath.findElement(By.java:353)
	at org.openqa.selenium.remote.RemoteWebDriver.findElement(RemoteWebDriver.java:315)
	at testNG.Frames.frameTest(Frames.java:72)
	at java.base/jdk.internal.reflect.NativeMethodAccessorImpl.invoke0(Native Method)
	at java.base/jdk.internal.reflect.NativeMethodAccessorImpl.invoke(NativeMethodAccessorImpl.java:64)
	at java.base/jdk.internal.reflect.DelegatingMethodAccessorImpl.invoke(DelegatingMethodAccessorImpl.java:43)
	at java.base/java.lang.reflect.Method.invoke(Method.java:564)
	at org.testng.internal.MethodInvocationHelper.invokeMethod(MethodInvocationHelper.java:133)
	at org.testng.internal.InvokeMethodRunnable.runOne(InvokeMethodRunnable.java:45)
	at org.testng.internal.InvokeMethodRunnable.call(InvokeMethodRunnable.java:73)
	at org.testng.internal.InvokeMethodRunnable.run(InvokeMethodRunnable.java:33)
	at org.testng.internal.MethodInvocationHelper.invokeWithTimeoutWithNoExecutor(MethodInvocationHelper.java:322)
	at org.testng.internal.MethodInvocationHelper.invokeWithTimeout(MethodInvocationHelper.java:281)
	at org.testng.internal.TestInvoker.invokeMethod(TestInvoker.java:604)
	at org.testng.internal.TestInvoker.invokeTestMethod(TestInvoker.java:173)
	at org.testng.internal.MethodRunner.runInSequence(MethodRunner.java:46)
	at org.testng.internal.TestInvoker$MethodInvocationAgent.invoke(TestInvoker.java:824)
	at org.testng.internal.TestInvoker.invokeTestMethods(TestInvoker.java:146)
	at org.testng.internal.TestMethodWorker.invokeTestMethods(TestMethodWorker.java:146)
	at org.testng.internal.TestMethodWorker.run(TestMethodWorker.java:128)
	at java.base/java.util.concurrent.ThreadPoolExecutor.runWorker(ThreadPoolExecutor.java:1130)
	at java.base/java.util.concurrent.ThreadPoolExecutor$Worker.run(ThreadPoolExecutor.java:630)
	at java.base/java.lang.Thread.run(Thread.java:832)
</pre></div></td>
<td>10</td>
<td>testNG.Frames@708f5957</td></tr>
<tr>
<td title='testNG.KeywordsAndAnnotations.accountAndList()'><b>accountAndList</b><br>Test class: testNG.KeywordsAndAnnotations</td>
<td><div><pre>org.testng.internal.thread.ThreadTimeoutException: Method testNG.KeywordsAndAnnotations.accountAndList() didn&apos;t finish within the time-out 5000
	at java.base/java.util.concurrent.ThreadPoolExecutor.runWorker(ThreadPoolExecutor.java:1130)
	at java.base/java.util.concurrent.ThreadPoolExecutor$Worker.run(ThreadPoolExecutor.java:630)
	at java.base/java.lang.Thread.run(Thread.java:832)
... Removed 9 stack frames</pre></div><a href='#' onClick='toggleBox("stack-trace172678454", this, "Click to show all stack frames", "Click to hide stack frames")'>Click to show all stack frames</a>
<div class='stack-trace' id='stack-trace172678454'><pre>org.testng.internal.thread.ThreadTimeoutException: Method testNG.KeywordsAndAnnotations.accountAndList() didn&apos;t finish within the time-out 5000
	at org.testng.internal.MethodInvocationHelper.invokeWithTimeoutWithNoExecutor(MethodInvocationHelper.java:348)
	at org.testng.internal.MethodInvocationHelper.invokeWithTimeout(MethodInvocationHelper.java:281)
	at org.testng.internal.TestInvoker.invokeMethod(TestInvoker.java:604)
	at org.testng.internal.TestInvoker.invokeTestMethod(TestInvoker.java:173)
	at org.testng.internal.MethodRunner.runInSequence(MethodRunner.java:46)
	at org.testng.internal.TestInvoker$MethodInvocationAgent.invoke(TestInvoker.java:824)
	at org.testng.internal.TestInvoker.invokeTestMethods(TestInvoker.java:146)
	at org.testng.internal.TestMethodWorker.invokeTestMethods(TestMethodWorker.java:146)
	at org.testng.internal.TestMethodWorker.run(TestMethodWorker.java:128)
	at java.base/java.util.concurrent.ThreadPoolExecutor.runWorker(ThreadPoolExecutor.java:1130)
	at java.base/java.util.concurrent.ThreadPoolExecutor$Worker.run(ThreadPoolExecutor.java:630)
	at java.base/java.lang.Thread.run(Thread.java:832)
</pre></div></td>
<td>10</td>
<td>testNG.KeywordsAndAnnotations@2ef3eef9</td></tr>
</table><p>
<table width='100%' border='1' class='invocation-passed'>
<tr><td colspan='4' align='center'><b>PASSED TESTS</b></td></tr>
<tr><td><b>Test method</b></td>
<td width="30%"><b>Exception</b></td>
<td width="10%"><b>Time (seconds)</b></td>
<td><b>Instance</b></td>
</tr>
<tr>
<td title='testNG.JustTestCasesforXMLStudy.allDptLinkCheck()'><b>allDptLinkCheck</b><br>Test class: testNG.JustTestCasesforXMLStudy</td>
<td></td>
<td>4</td>
<td>testNG.JustTestCasesforXMLStudy@28eaa59a</td></tr>
<tr>
<td title='testNG.DataDrivenDupli.signInNegativeLogin()'><b>signInNegativeLogin</b><br>Test class: testNG.DataDrivenDupli<br>Parameters: test15@wrongemail.com, wrongpassword15</td>
<td></td>
<td>2</td>
<td>testNG.DataDrivenDupli@619713e5</td></tr>
<tr>
<td title='testNG.JustTestCasesforXMLStudy.homeBusinessEmblemCheck()'><b>homeBusinessEmblemCheck</b><br>Test class: testNG.JustTestCasesforXMLStudy</td>
<td></td>
<td>3</td>
<td>testNG.JustTestCasesforXMLStudy@28eaa59a</td></tr>
<tr>
<td title='testNG.JustTestCasesforXMLStudy.languageToggleTest()'><b>languageToggleTest</b><br>Test class: testNG.JustTestCasesforXMLStudy</td>
<td></td>
<td>2</td>
<td>testNG.JustTestCasesforXMLStudy@28eaa59a</td></tr>
<tr>
<td title='testNG.KeywordsAndAnnotations.primeAndTryfromFrame()'><b>primeAndTryfromFrame</b><br>Test class: testNG.KeywordsAndAnnotations</td>
<td></td>
<td>2</td>
<td>testNG.KeywordsAndAnnotations@2ef3eef9</td></tr>
<tr>
<td title='testNG.DataDrivenDupli.signInNegativeLogin()'><b>signInNegativeLogin</b><br>Test class: testNG.DataDrivenDupli<br>Parameters: test12@wrongemail.com, wrongpassword12</td>
<td></td>
<td>2</td>
<td>testNG.DataDrivenDupli@619713e5</td></tr>
<tr>
<td title='testNG.JustTestCasesforXMLStudy.shoppingCart()'><b>shoppingCart</b><br>Test class: testNG.JustTestCasesforXMLStudy</td>
<td></td>
<td>0</td>
<td>testNG.JustTestCasesforXMLStudy@28eaa59a</td></tr>
<tr>
<td title='testNG.DataDrivenDupli.signInNegativeLogin()'><b>signInNegativeLogin</b><br>Test class: testNG.DataDrivenDupli<br>Parameters: test14@wrongemail.com, wrongpassword14</td>
<td></td>
<td>2</td>
<td>testNG.DataDrivenDupli@619713e5</td></tr>
<tr>
<td title='testNG.KeywordsAndAnnotations.setDepartment()'><b>setDepartment</b><br>Test class: testNG.KeywordsAndAnnotations</td>
<td></td>
<td>1</td>
<td>testNG.KeywordsAndAnnotations@2ef3eef9</td></tr>
<tr>
<td title='testNG.DataDrivenDupli.signInNegativeLogin()'><b>signInNegativeLogin</b><br>Test class: testNG.DataDrivenDupli<br>Parameters: test11@wrongemail.com, wrongpassword11</td>
<td></td>
<td>3</td>
<td>testNG.DataDrivenDupli@619713e5</td></tr>
<tr>
<td title='testNG.JustTestCasesforXMLStudy.customerServiceLinkTest()'><b>customerServiceLinkTest</b><br>Test class: testNG.JustTestCasesforXMLStudy</td>
<td></td>
<td>1</td>
<td>testNG.JustTestCasesforXMLStudy@28eaa59a</td></tr>
<tr>
<td title='testNG.KeywordsAndAnnotations.searchDepartment()'><b>searchDepartment</b><br>Test class: testNG.KeywordsAndAnnotations</td>
<td></td>
<td>1</td>
<td>testNG.KeywordsAndAnnotations@2ef3eef9</td></tr>
<tr>
<td title='testNG.DataDrivenDupli.signInNegativeLogin()'><b>signInNegativeLogin</b><br>Test class: testNG.DataDrivenDupli<br>Parameters: test13@wrongemail.com, wrongpassword13</td>
<td></td>
<td>2</td>
<td>testNG.DataDrivenDupli@619713e5</td></tr>
</table><p>
</body>
</html>