<?xml version="1.0" encoding="UTF-8"?>
<!-- Generated by org.testng.reporters.JUnitXMLReporter -->
<testsuite ignored="1" hostname="DESKTOP-ANVVC6A" failures="2" tests="15" name="TestVarClass" time="39.217" errors="0" timestamp="2021-07-04T20:31:21 EDT">
  <testcase classname="testNG.JustTestCasesforXMLStudy" name="customerServiceLinkTest" time="1.536"/>
  <testcase classname="testNG.KeywordsAndAnnotations" name="setDepartment" time="1.745"/>
  <testcase classname="testNG.DataDrivenDupli" name="signInNegativeLogin" time="3.466"/>
  <testcase classname="testNG.KeywordsAndAnnotations" name="searchDepartment" time="1.741"/>
  <testcase classname="testNG.JustTestCasesforXMLStudy" name="languageToggleTest" time="2.027"/>
  <testcase classname="testNG.JustTestCasesforXMLStudy" name="shoppingCart" time="0.937"/>
  <testcase classname="testNG.DataDrivenDupli" name="signInNegativeLogin" time="2.431"/>
  <testcase classname="testNG.KeywordsAndAnnotations" name="primeAndTryfromFrame" time="2.834"/>
  <testcase classname="testNG.DataDrivenDupli" name="signInNegativeLogin" time="2.082"/>
  <testcase classname="testNG.JustTestCasesforXMLStudy" name="allDptLinkCheck" time="4.565"/>
  <testcase classname="testNG.DataDrivenDupli" name="signInNegativeLogin" time="2.12"/>
  <testcase classname="testNG.JustTestCasesforXMLStudy" name="homeBusinessEmblemCheck" time="3.203"/>
  <testcase classname="testNG.DataDrivenDupli" name="signInNegativeLogin" time="2.178"/>
  <testcase classname="testNG.KeywordsAndAnnotations" name="accountAndList" time="10.108">
    <failure type="org.testng.internal.thread.ThreadTimeoutException" message="Method testNG.KeywordsAndAnnotations.accountAndList() didn&amp;apos;t finish within the time-out 5000">
      <![CDATA[org.testng.internal.thread.ThreadTimeoutException: Method testNG.KeywordsAndAnnotations.accountAndList() didn't finish within the time-out 5000
at java.base/java.util.concurrent.ThreadPoolExecutor.runWorker(ThreadPoolExecutor.java:1130)
at java.base/java.util.concurrent.ThreadPoolExecutor$Worker.run(ThreadPoolExecutor.java:630)
at java.base/java.lang.Thread.run(Thread.java:832)
... Removed 9 stack frames]]>
    </failure>
  </testcase> <!-- accountAndList -->
  <testcase classname="testNG.Frames" name="frameTest" time="10.312">
    <failure type="org.openqa.selenium.NoSuchElementException" message="no such element: Unable to locate element: {&amp;quot;method&amp;quot;:&amp;quot;xpath&amp;quot;,&amp;quot;selector&amp;quot;:&amp;quot;//*[@id=&amp;apos;GLUXCountryList&amp;apos;]&amp;quot;}
  (Session info: chrome=91.0.4472.124)
For documentation on this error, please visit: https://www.seleniumhq.org/exceptions/no_such_element.html
Build info: version: &amp;apos;3.141.59&amp;apos;, revision: &amp;apos;e82be7d358&amp;apos;, time: &amp;apos;2018-11-14T08:25:53&amp;apos;
System info: host: &amp;apos;DESKTOP-ANVVC6A&amp;apos;, ip: &amp;apos;192.168.0.159&amp;apos;, os.name: &amp;apos;Windows 10&amp;apos;, os.arch: &amp;apos;amd64&amp;apos;, os.version: &amp;apos;10.0&amp;apos;, java.version: &amp;apos;15.0.2&amp;apos;
Driver info: org.openqa.selenium.chrome.ChromeDriver
Capabilities {acceptInsecureCerts: false, browserName: chrome, browserVersion: 91.0.4472.124, chrome: {chromedriverVersion: 91.0.4472.19 (1bf021f248676..., userDataDir: C:\Users\LOVEIS~1\AppData\L...}, goog:chromeOptions: {debuggerAddress: localhost:64589}, javascriptEnabled: true, networkConnectionEnabled: false, pageLoadStrategy: normal, platform: WINDOWS, platformName: WINDOWS, proxy: Proxy(), setWindowRect: true, strictFileInteractability: false, timeouts: {implicit: 0, pageLoad: 300000, script: 30000}, unhandledPromptBehavior: dismiss and notify, webauthn:extension:largeBlob: true, webauthn:virtualAuthenticators: true}
Session ID: 373239a06fa8bb8513ae65717e655402
*** Element info: {Using=xpath, value=//*[@id=&amp;apos;GLUXCountryList&amp;apos;]}">
      <![CDATA[org.openqa.selenium.NoSuchElementException: no such element: Unable to locate element: {"method":"xpath","selector":"//*[@id='GLUXCountryList']"}
  (Session info: chrome=91.0.4472.124)
For documentation on this error, please visit: https://www.seleniumhq.org/exceptions/no_such_element.html
Build info: version: '3.141.59', revision: 'e82be7d358', time: '2018-11-14T08:25:53'
System info: host: 'DESKTOP-ANVVC6A', ip: '192.168.0.159', os.name: 'Windows 10', os.arch: 'amd64', os.version: '10.0', java.version: '15.0.2'
Driver info: org.openqa.selenium.chrome.ChromeDriver
Capabilities {acceptInsecureCerts: false, browserName: chrome, browserVersion: 91.0.4472.124, chrome: {chromedriverVersion: 91.0.4472.19 (1bf021f248676..., userDataDir: C:\Users\LOVEIS~1\AppData\L...}, goog:chromeOptions: {debuggerAddress: localhost:64589}, javascriptEnabled: true, networkConnectionEnabled: false, pageLoadStrategy: normal, platform: WINDOWS, platformName: WINDOWS, proxy: Proxy(), setWindowRect: true, strictFileInteractability: false, timeouts: {implicit: 0, pageLoad: 300000, script: 30000}, unhandledPromptBehavior: dismiss and notify, webauthn:extension:largeBlob: true, webauthn:virtualAuthenticators: true}
Session ID: 373239a06fa8bb8513ae65717e655402
*** Element info: {Using=xpath, value=//*[@id='GLUXCountryList']}
at org.openqa.selenium.remote.http.W3CHttpResponseCodec.createException(W3CHttpResponseCodec.java:187)
at org.openqa.selenium.remote.http.W3CHttpResponseCodec.decode(W3CHttpResponseCodec.java:122)
at org.openqa.selenium.remote.http.W3CHttpResponseCodec.decode(W3CHttpResponseCodec.java:49)
at org.openqa.selenium.remote.HttpCommandExecutor.execute(HttpCommandExecutor.java:158)
at org.openqa.selenium.remote.service.DriverCommandExecutor.execute(DriverCommandExecutor.java:83)
at org.openqa.selenium.remote.RemoteWebDriver.execute(RemoteWebDriver.java:552)
at org.openqa.selenium.remote.RemoteWebDriver.findElement(RemoteWebDriver.java:323)
at org.openqa.selenium.remote.RemoteWebDriver.findElementByXPath(RemoteWebDriver.java:428)
at org.openqa.selenium.By$ByXPath.findElement(By.java:353)
at org.openqa.selenium.remote.RemoteWebDriver.findElement(RemoteWebDriver.java:315)
at testNG.Frames.frameTest(Frames.java:72)
at java.base/java.util.concurrent.ThreadPoolExecutor.runWorker(ThreadPoolExecutor.java:1130)
at java.base/java.util.concurrent.ThreadPoolExecutor$Worker.run(ThreadPoolExecutor.java:630)
at java.base/java.lang.Thread.run(Thread.java:832)
... Removed 22 stack frames]]>
    </failure>
  </testcase> <!-- frameTest -->
  <testcase classname="testNG.KeywordsAndAnnotations" name="secondChanceLink" time="0.0">
    <ignored/>
  </testcase> <!-- secondChanceLink -->
</testsuite> <!-- TestVarClass -->
