<?xml version="1.0" encoding="UTF-8"?>
<!-- Generated by org.testng.reporters.JUnitReportReporter -->
<testsuite hostname="DESKTOP-ANVVC6A" failures="0" tests="5" name="test.FlightsPageTest" time="0.013" errors="1" timestamp="2021-07-23T18:43:02 EDT" skipped="4">
  <testcase classname="test.FlightsPageTest" name="testCurtainRaiser" time="0.013">
    <error message="Cannot invoke &quot;org.openqa.selenium.WebElement.getTagName()&quot; because &quot;element&quot; is null" type="java.lang.NullPointerException">
      <![CDATA[java.lang.NullPointerException: Cannot invoke "org.openqa.selenium.WebElement.getTagName()" because "element" is null
at org.openqa.selenium.support.ui.Select.<init>(Select.java:45)
at pageFactory.FlightsPage.<init>(FlightsPage.java:50)
at test.FlightsPageTest.testCurtainRaiser(FlightsPageTest.java:23)
at java.base/jdk.internal.reflect.NativeMethodAccessorImpl.invoke0(Native Method)
at java.base/jdk.internal.reflect.NativeMethodAccessorImpl.invoke(NativeMethodAccessorImpl.java:64)
at java.base/jdk.internal.reflect.DelegatingMethodAccessorImpl.invoke(DelegatingMethodAccessorImpl.java:43)
at java.base/java.lang.reflect.Method.invoke(Method.java:564)
at org.testng.internal.MethodInvocationHelper.invokeMethod(MethodInvocationHelper.java:133)
at org.testng.internal.MethodInvocationHelper.invokeMethodConsideringTimeout(MethodInvocationHelper.java:62)
at org.testng.internal.ConfigInvoker.invokeConfigurationMethod(ConfigInvoker.java:385)
at org.testng.internal.ConfigInvoker.invokeConfigurations(ConfigInvoker.java:321)
at org.testng.TestRunner.invokeTestConfigurations(TestRunner.java:637)
at org.testng.TestRunner.beforeRun(TestRunner.java:627)
at org.testng.TestRunner.run(TestRunner.java:589)
at org.testng.SuiteRunner.runTest(SuiteRunner.java:377)
at org.testng.SuiteRunner.runSequentially(SuiteRunner.java:371)
at org.testng.SuiteRunner.privateRun(SuiteRunner.java:332)
at org.testng.SuiteRunner.run(SuiteRunner.java:276)
at org.testng.SuiteRunnerWorker.runSuite(SuiteRunnerWorker.java:53)
at org.testng.SuiteRunnerWorker.run(SuiteRunnerWorker.java:96)
at org.testng.TestNG.runSuitesSequentially(TestNG.java:1212)
at org.testng.TestNG.runSuitesLocally(TestNG.java:1134)
at org.testng.TestNG.runSuites(TestNG.java:1063)
at org.testng.TestNG.run(TestNG.java:1031)
at org.testng.remote.AbstractRemoteTestNG.run(AbstractRemoteTestNG.java:115)
at org.testng.remote.RemoteTestNG.initAndRun(RemoteTestNG.java:251)
at org.testng.remote.RemoteTestNG.main(RemoteTestNG.java:77)
]]>
    </error>
  </testcase> <!-- testCurtainRaiser -->
  <system-out/>
  <testcase classname="test.FlightsPageTest" name="oneWayTripDisplayEnableTest" time="0.000">
    <skipped/>
  </testcase> <!-- oneWayTripDisplayEnableTest -->
  <system-out/>
  <testcase classname="test.FlightsPageTest" name="oneWayTripSelectedTest" time="0.000">
    <skipped/>
  </testcase> <!-- oneWayTripSelectedTest -->
  <system-out/>
  <testcase classname="test.FlightsPageTest" name="roundTripSelectedTest" time="0.000">
    <skipped/>
  </testcase> <!-- roundTripSelectedTest -->
  <system-out/>
  <testcase classname="test.FlightsPageTest" name="roundTripDisplayEnableTest" time="0.000">
    <skipped/>
  </testcase> <!-- roundTripDisplayEnableTest -->
  <system-out/>
</testsuite> <!-- test.FlightsPageTest -->
